<?xml version="1.0" encoding="UTF-8"?>
<coverage generated="1744181732440" clover="3.2.0">
  <project timestamp="1744181732440" name="All files">
    <metrics statements="83" coveredstatements="56" conditionals="52" coveredconditionals="45" methods="23" coveredmethods="14" elements="158" coveredelements="115" complexity="0" loc="83" ncloc="83" packages="6" files="15" classes="15"/>
    <package name="components">
      <metrics statements="5" coveredstatements="5" conditionals="18" coveredconditionals="15" methods="1" coveredmethods="1"/>
      <file name="Text.jsx" path="C:\Users\sinir\OneDrive\Desktop\full stack open\part 10\rate-repository-app\src\components\Text.jsx">
        <metrics statements="4" coveredstatements="4" conditionals="18" coveredconditionals="15" methods="1" coveredmethods="1"/>
        <line num="5" count="4" type="stmt"/>
        <line num="54" count="4" type="stmt"/>
        <line num="65" count="103" type="stmt"/>
        <line num="79" count="103" type="stmt"/>
      </file>
      <file name="theme.js" path="C:\Users\sinir\OneDrive\Desktop\full stack open\part 10\rate-repository-app\src\components\theme.js">
        <metrics statements="1" coveredstatements="1" conditionals="0" coveredconditionals="0" methods="0" coveredmethods="0"/>
        <line num="3" count="4" type="stmt"/>
      </file>
    </package>
    <package name="components.RepositoryList">
      <metrics statements="36" coveredstatements="35" conditionals="14" coveredconditionals="12" methods="11" coveredmethods="11"/>
      <file name="CountsTab.jsx" path="C:\Users\sinir\OneDrive\Desktop\full stack open\part 10\rate-repository-app\src\components\RepositoryList\CountsTab.jsx">
        <metrics statements="13" coveredstatements="12" conditionals="8" coveredconditionals="7" methods="2" coveredmethods="2"/>
        <line num="4" count="3" type="stmt"/>
        <line num="14" count="3" type="stmt"/>
        <line num="15" count="12" type="cond" truecount="1" falsecount="1"/>
        <line num="16" count="0" type="stmt"/>
        <line num="17" count="12" type="cond" truecount="2" falsecount="0"/>
        <line num="18" count="11" type="stmt"/>
        <line num="20" count="1" type="stmt"/>
        <line num="24" count="3" type="stmt"/>
        <line num="25" count="24" type="cond" truecount="4" falsecount="0"/>
        <line num="27" count="6" type="stmt"/>
        <line num="36" count="6" type="stmt"/>
        <line num="45" count="6" type="stmt"/>
        <line num="54" count="6" type="stmt"/>
      </file>
      <file name="RepositoryDescription.jsx" path="C:\Users\sinir\OneDrive\Desktop\full stack open\part 10\rate-repository-app\src\components\RepositoryList\RepositoryDescription.jsx">
        <metrics statements="2" coveredstatements="2" conditionals="0" coveredconditionals="0" methods="1" coveredmethods="1"/>
        <line num="3" count="3" type="stmt"/>
        <line num="4" count="6" type="stmt"/>
      </file>
      <file name="RepositoryItem.jsx" path="C:\Users\sinir\OneDrive\Desktop\full stack open\part 10\rate-repository-app\src\components\RepositoryList\RepositoryItem.jsx">
        <metrics statements="3" coveredstatements="3" conditionals="0" coveredconditionals="0" methods="1" coveredmethods="1"/>
        <line num="9" count="3" type="stmt"/>
        <line num="36" count="3" type="stmt"/>
        <line num="37" count="6" type="stmt"/>
      </file>
      <file name="RepositoryLanguage.jsx" path="C:\Users\sinir\OneDrive\Desktop\full stack open\part 10\rate-repository-app\src\components\RepositoryList\RepositoryLanguage.jsx">
        <metrics statements="2" coveredstatements="2" conditionals="0" coveredconditionals="0" methods="1" coveredmethods="1"/>
        <line num="3" count="3" type="stmt"/>
        <line num="4" count="6" type="stmt"/>
      </file>
      <file name="RepositoryList.jsx" path="C:\Users\sinir\OneDrive\Desktop\full stack open\part 10\rate-repository-app\src\components\RepositoryList\RepositoryList.jsx">
        <metrics statements="14" coveredstatements="14" conditionals="6" coveredconditionals="5" methods="5" coveredmethods="5"/>
        <line num="8" count="3" type="stmt"/>
        <line num="62" count="3" type="stmt"/>
        <line num="64" count="3" type="stmt"/>
        <line num="65" count="3" type="cond" truecount="1" falsecount="1"/>
        <line num="66" count="6" type="stmt"/>
        <line num="69" count="3" type="stmt"/>
        <line num="74" count="6" type="stmt"/>
        <line num="80" count="3" type="stmt"/>
        <line num="82" count="4" type="stmt"/>
        <line num="86" count="4" type="cond" truecount="2" falsecount="0"/>
        <line num="87" count="1" type="stmt"/>
        <line num="90" count="3" type="cond" truecount="2" falsecount="0"/>
        <line num="91" count="1" type="stmt"/>
        <line num="98" count="2" type="stmt"/>
      </file>
      <file name="RepositoryName.jsx" path="C:\Users\sinir\OneDrive\Desktop\full stack open\part 10\rate-repository-app\src\components\RepositoryList\RepositoryName.jsx">
        <metrics statements="2" coveredstatements="2" conditionals="0" coveredconditionals="0" methods="1" coveredmethods="1"/>
        <line num="3" count="3" type="stmt"/>
        <line num="4" count="6" type="stmt"/>
      </file>
    </package>
    <package name="components.SignIn">
      <metrics statements="27" coveredstatements="9" conditionals="20" coveredconditionals="18" methods="8" coveredmethods="2"/>
      <file name="SignIn.jsx" path="C:\Users\sinir\OneDrive\Desktop\full stack open\part 10\rate-repository-app\src\components\SignIn\SignIn.jsx">
        <metrics statements="27" coveredstatements="9" conditionals="20" coveredconditionals="18" methods="8" coveredmethods="2"/>
        <line num="13" count="1" type="stmt"/>
        <line num="24" count="1" type="stmt"/>
        <line num="50" count="1" type="stmt"/>
        <line num="55" count="1" type="stmt"/>
        <line num="56" count="24" type="stmt"/>
        <line num="62" count="24" type="stmt"/>
        <line num="65" count="2" type="stmt"/>
        <line num="68" count="24" type="stmt"/>
        <line num="88" count="0" type="stmt"/>
        <line num="89" count="0" type="stmt"/>
        <line num="111" count="0" type="stmt"/>
        <line num="112" count="0" type="stmt"/>
        <line num="124" count="1" type="stmt"/>
        <line num="125" count="0" type="stmt"/>
        <line num="126" count="0" type="stmt"/>
        <line num="127" count="0" type="stmt"/>
        <line num="128" count="0" type="stmt"/>
        <line num="129" count="0" type="stmt"/>
        <line num="131" count="0" type="stmt"/>
        <line num="132" count="0" type="stmt"/>
        <line num="134" count="0" type="stmt"/>
        <line num="135" count="0" type="stmt"/>
        <line num="136" count="0" type="stmt"/>
        <line num="137" count="0" type="stmt"/>
        <line num="138" count="0" type="stmt"/>
        <line num="140" count="0" type="stmt"/>
        <line num="144" count="0" type="stmt"/>
      </file>
    </package>
    <package name="contexts">
      <metrics statements="1" coveredstatements="1" conditionals="0" coveredconditionals="0" methods="0" coveredmethods="0"/>
      <file name="AuthStorageContext.js" path="C:\Users\sinir\OneDrive\Desktop\full stack open\part 10\rate-repository-app\src\contexts\AuthStorageContext.js">
        <metrics statements="1" coveredstatements="1" conditionals="0" coveredconditionals="0" methods="0" coveredmethods="0"/>
        <line num="3" count="1" type="stmt"/>
      </file>
    </package>
    <package name="graphql">
      <metrics statements="4" coveredstatements="4" conditionals="0" coveredconditionals="0" methods="0" coveredmethods="0"/>
      <file name="fragments.js" path="C:\Users\sinir\OneDrive\Desktop\full stack open\part 10\rate-repository-app\src\graphql\fragments.js">
        <metrics statements="1" coveredstatements="1" conditionals="0" coveredconditionals="0" methods="0" coveredmethods="0"/>
        <line num="3" count="3" type="stmt"/>
      </file>
      <file name="mutations.js" path="C:\Users\sinir\OneDrive\Desktop\full stack open\part 10\rate-repository-app\src\graphql\mutations.js">
        <metrics statements="1" coveredstatements="1" conditionals="0" coveredconditionals="0" methods="0" coveredmethods="0"/>
        <line num="3" count="1" type="stmt"/>
      </file>
      <file name="queries.js" path="C:\Users\sinir\OneDrive\Desktop\full stack open\part 10\rate-repository-app\src\graphql\queries.js">
        <metrics statements="2" coveredstatements="2" conditionals="0" coveredconditionals="0" methods="0" coveredmethods="0"/>
        <line num="4" count="3" type="stmt"/>
        <line num="18" count="3" type="stmt"/>
      </file>
    </package>
    <package name="hooks">
      <metrics statements="10" coveredstatements="2" conditionals="0" coveredconditionals="0" methods="3" coveredmethods="0"/>
      <file name="useAuthStorage.js" path="C:\Users\sinir\OneDrive\Desktop\full stack open\part 10\rate-repository-app\src\hooks\useAuthStorage.js">
        <metrics statements="2" coveredstatements="1" conditionals="0" coveredconditionals="0" methods="1" coveredmethods="0"/>
        <line num="4" count="1" type="stmt"/>
        <line num="5" count="0" type="stmt"/>
      </file>
      <file name="useSignIn.js" path="C:\Users\sinir\OneDrive\Desktop\full stack open\part 10\rate-repository-app\src\hooks\useSignIn.js">
        <metrics statements="8" coveredstatements="1" conditionals="0" coveredconditionals="0" methods="2" coveredmethods="0"/>
        <line num="4" count="1" type="stmt"/>
        <line num="5" count="0" type="stmt"/>
        <line num="7" count="0" type="stmt"/>
        <line num="9" count="0" type="stmt"/>
        <line num="10" count="0" type="stmt"/>
        <line num="18" count="0" type="stmt"/>
        <line num="20" count="0" type="stmt"/>
        <line num="24" count="0" type="stmt"/>
      </file>
    </package>
  </project>
</coverage>
