{"C:\\Users\\sinir\\OneDrive\\Desktop\\full stack open\\part 10\\rate-repository-app\\src\\components\\Text.jsx": {"path":"C:\\Users\\sinir\\OneDrive\\Desktop\\full stack open\\part 10\\rate-repository-app\\src\\components\\Text.jsx","statementMap":{"0":{"start":{"line":5,"column":15},"end":{"line":52,"column":2}},"1":{"start":{"line":54,"column":13},"end":{"line":80,"column":1}},"2":{"start":{"line":65,"column":20},"end":{"line":77,"column":3}},"3":{"start":{"line":79,"column":2},"end":{"line":79,"column":53}}},"fnMap":{"0":{"name":"(anonymous_0)","decl":{"start":{"line":54,"column":13},"end":{"line":54,"column":14}},"loc":{"start":{"line":64,"column":6},"end":{"line":80,"column":1}},"line":64}},"branchMap":{"0":{"loc":{"start":{"line":67,"column":4},"end":{"line":67,"column":58}},"type":"binary-expr","locations":[{"start":{"line":67,"column":4},"end":{"line":67,"column":29}},{"start":{"line":67,"column":33},"end":{"line":67,"column":58}}],"line":67},"1":{"loc":{"start":{"line":68,"column":4},"end":{"line":68,"column":50}},"type":"binary-expr","locations":[{"start":{"line":68,"column":4},"end":{"line":68,"column":25}},{"start":{"line":68,"column":29},"end":{"line":68,"column":50}}],"line":68},"2":{"loc":{"start":{"line":69,"column":4},"end":{"line":69,"column":46}},"type":"binary-expr","locations":[{"start":{"line":69,"column":4},"end":{"line":69,"column":23}},{"start":{"line":69,"column":27},"end":{"line":69,"column":46}}],"line":69},"3":{"loc":{"start":{"line":70,"column":4},"end":{"line":70,"column":58}},"type":"binary-expr","locations":[{"start":{"line":70,"column":4},"end":{"line":70,"column":29}},{"start":{"line":70,"column":33},"end":{"line":70,"column":58}}],"line":70},"4":{"loc":{"start":{"line":71,"column":4},"end":{"line":71,"column":50}},"type":"binary-expr","locations":[{"start":{"line":71,"column":4},"end":{"line":71,"column":25}},{"start":{"line":71,"column":29},"end":{"line":71,"column":50}}],"line":71},"5":{"loc":{"start":{"line":72,"column":4},"end":{"line":72,"column":64}},"type":"binary-expr","locations":[{"start":{"line":72,"column":4},"end":{"line":72,"column":36}},{"start":{"line":72,"column":40},"end":{"line":72,"column":64}}],"line":72},"6":{"loc":{"start":{"line":73,"column":4},"end":{"line":73,"column":50}},"type":"binary-expr","locations":[{"start":{"line":73,"column":4},"end":{"line":73,"column":25}},{"start":{"line":73,"column":29},"end":{"line":73,"column":50}}],"line":73},"7":{"loc":{"start":{"line":74,"column":4},"end":{"line":74,"column":46}},"type":"binary-expr","locations":[{"start":{"line":74,"column":4},"end":{"line":74,"column":27}},{"start":{"line":74,"column":31},"end":{"line":74,"column":46}}],"line":74},"8":{"loc":{"start":{"line":75,"column":4},"end":{"line":75,"column":48}},"type":"binary-expr","locations":[{"start":{"line":75,"column":4},"end":{"line":75,"column":24}},{"start":{"line":75,"column":28},"end":{"line":75,"column":48}}],"line":75}},"s":{"0":4,"1":4,"2":103,"3":103},"f":{"0":103},"b":{"0":[103,0],"1":[103,0],"2":[103,0],"3":[103,18],"4":[103,30],"5":[103,12],"6":[103,6],"7":[103,6],"8":[103,24]},"_coverageSchema":"1a1c01bbd47fc00a2c39e90264f33305004495a9","hash":"af2835358d3612630c30f933dd1642d7773c4ed6"}
,"C:\\Users\\sinir\\OneDrive\\Desktop\\full stack open\\part 10\\rate-repository-app\\src\\components\\theme.js": {"path":"C:\\Users\\sinir\\OneDrive\\Desktop\\full stack open\\part 10\\rate-repository-app\\src\\components\\theme.js","statementMap":{"0":{"start":{"line":3,"column":14},"end":{"line":39,"column":1}}},"fnMap":{},"branchMap":{},"s":{"0":4},"f":{},"b":{},"_coverageSchema":"1a1c01bbd47fc00a2c39e90264f33305004495a9","hash":"a0e01f7efe131bd72cb59a225fdbd2723fb89c9f"}
,"C:\\Users\\sinir\\OneDrive\\Desktop\\full stack open\\part 10\\rate-repository-app\\src\\components\\RepositoryList\\CountsTab.jsx": {"path":"C:\\Users\\sinir\\OneDrive\\Desktop\\full stack open\\part 10\\rate-repository-app\\src\\components\\RepositoryList\\CountsTab.jsx","statementMap":{"0":{"start":{"line":4,"column":15},"end":{"line":12,"column":2}},"1":{"start":{"line":14,"column":21},"end":{"line":22,"column":1}},"2":{"start":{"line":15,"column":2},"end":{"line":21,"column":3}},"3":{"start":{"line":16,"column":4},"end":{"line":16,"column":47}},"4":{"start":{"line":17,"column":9},"end":{"line":21,"column":3}},"5":{"start":{"line":18,"column":4},"end":{"line":18,"column":44}},"6":{"start":{"line":20,"column":4},"end":{"line":20,"column":29}},"7":{"start":{"line":24,"column":18},"end":{"line":63,"column":1}},"8":{"start":{"line":25,"column":2},"end":{"line":62,"column":3}},"9":{"start":{"line":27,"column":6},"end":{"line":34,"column":8}},"10":{"start":{"line":36,"column":6},"end":{"line":43,"column":8}},"11":{"start":{"line":45,"column":6},"end":{"line":52,"column":8}},"12":{"start":{"line":54,"column":6},"end":{"line":61,"column":8}}},"fnMap":{"0":{"name":"(anonymous_0)","decl":{"start":{"line":14,"column":21},"end":{"line":14,"column":22}},"loc":{"start":{"line":14,"column":33},"end":{"line":22,"column":1}},"line":14},"1":{"name":"(anonymous_1)","decl":{"start":{"line":24,"column":18},"end":{"line":24,"column":19}},"loc":{"start":{"line":24,"column":38},"end":{"line":63,"column":1}},"line":24}},"branchMap":{"0":{"loc":{"start":{"line":15,"column":2},"end":{"line":21,"column":3}},"type":"if","locations":[{"start":{"line":15,"column":2},"end":{"line":21,"column":3}},{"start":{"line":17,"column":9},"end":{"line":21,"column":3}}],"line":15},"1":{"loc":{"start":{"line":17,"column":9},"end":{"line":21,"column":3}},"type":"if","locations":[{"start":{"line":17,"column":9},"end":{"line":21,"column":3}},{"start":{"line":19,"column":9},"end":{"line":21,"column":3}}],"line":17},"2":{"loc":{"start":{"line":25,"column":2},"end":{"line":62,"column":3}},"type":"switch","locations":[{"start":{"line":26,"column":4},"end":{"line":34,"column":8}},{"start":{"line":35,"column":4},"end":{"line":43,"column":8}},{"start":{"line":44,"column":4},"end":{"line":52,"column":8}},{"start":{"line":53,"column":4},"end":{"line":61,"column":8}}],"line":25}},"s":{"0":3,"1":3,"2":12,"3":0,"4":12,"5":11,"6":1,"7":3,"8":24,"9":6,"10":6,"11":6,"12":6},"f":{"0":12,"1":24},"b":{"0":[0,12],"1":[11,1],"2":[6,6,6,6]},"_coverageSchema":"1a1c01bbd47fc00a2c39e90264f33305004495a9","hash":"ec73a964d10c3b9760b606a39bba2acfb7f064bb"}
,"C:\\Users\\sinir\\OneDrive\\Desktop\\full stack open\\part 10\\rate-repository-app\\src\\components\\RepositoryList\\RepositoryDescription.jsx": {"path":"C:\\Users\\sinir\\OneDrive\\Desktop\\full stack open\\part 10\\rate-repository-app\\src\\components\\RepositoryList\\RepositoryDescription.jsx","statementMap":{"0":{"start":{"line":3,"column":30},"end":{"line":8,"column":1}},"1":{"start":{"line":4,"column":2},"end":{"line":7,"column":4}}},"fnMap":{"0":{"name":"(anonymous_0)","decl":{"start":{"line":3,"column":30},"end":{"line":3,"column":31}},"loc":{"start":{"line":3,"column":44},"end":{"line":8,"column":1}},"line":3}},"branchMap":{},"s":{"0":3,"1":6},"f":{"0":6},"b":{},"_coverageSchema":"1a1c01bbd47fc00a2c39e90264f33305004495a9","hash":"02e8f9c3c80f327e253fcc87f04bd970ac83dfba"}
,"C:\\Users\\sinir\\OneDrive\\Desktop\\full stack open\\part 10\\rate-repository-app\\src\\components\\RepositoryList\\RepositoryItem.jsx": {"path":"C:\\Users\\sinir\\OneDrive\\Desktop\\full stack open\\part 10\\rate-repository-app\\src\\components\\RepositoryList\\RepositoryItem.jsx","statementMap":{"0":{"start":{"line":9,"column":15},"end":{"line":34,"column":2}},"1":{"start":{"line":36,"column":23},"end":{"line":57,"column":1}},"2":{"start":{"line":37,"column":2},"end":{"line":56,"column":4}}},"fnMap":{"0":{"name":"(anonymous_0)","decl":{"start":{"line":36,"column":23},"end":{"line":36,"column":24}},"loc":{"start":{"line":36,"column":37},"end":{"line":57,"column":1}},"line":36}},"branchMap":{},"s":{"0":3,"1":3,"2":6},"f":{"0":6},"b":{},"_coverageSchema":"1a1c01bbd47fc00a2c39e90264f33305004495a9","hash":"c7233234481c833f0b448355f64b7c9eb1c969a6"}
,"C:\\Users\\sinir\\OneDrive\\Desktop\\full stack open\\part 10\\rate-repository-app\\src\\components\\RepositoryList\\RepositoryLanguage.jsx": {"path":"C:\\Users\\sinir\\OneDrive\\Desktop\\full stack open\\part 10\\rate-repository-app\\src\\components\\RepositoryList\\RepositoryLanguage.jsx","statementMap":{"0":{"start":{"line":3,"column":27},"end":{"line":9,"column":1}},"1":{"start":{"line":4,"column":2},"end":{"line":8,"column":4}}},"fnMap":{"0":{"name":"(anonymous_0)","decl":{"start":{"line":3,"column":27},"end":{"line":3,"column":28}},"loc":{"start":{"line":3,"column":41},"end":{"line":9,"column":1}},"line":3}},"branchMap":{},"s":{"0":3,"1":6},"f":{"0":6},"b":{},"_coverageSchema":"1a1c01bbd47fc00a2c39e90264f33305004495a9","hash":"91ff4b3eb7c4c53c43dbfeb2eaf75ecf35e062ba"}
,"C:\\Users\\sinir\\OneDrive\\Desktop\\full stack open\\part 10\\rate-repository-app\\src\\components\\RepositoryList\\RepositoryList.jsx": {"path":"C:\\Users\\sinir\\OneDrive\\Desktop\\full stack open\\part 10\\rate-repository-app\\src\\components\\RepositoryList\\RepositoryList.jsx","statementMap":{"0":{"start":{"line":8,"column":15},"end":{"line":12,"column":2}},"1":{"start":{"line":62,"column":22},"end":{"line":62,"column":61}},"2":{"start":{"line":62,"column":28},"end":{"line":62,"column":61}},"3":{"start":{"line":64,"column":39},"end":{"line":78,"column":1}},"4":{"start":{"line":65,"column":26},"end":{"line":67,"column":8}},"5":{"start":{"line":66,"column":52},"end":{"line":66,"column":61}},"6":{"start":{"line":69,"column":2},"end":{"line":77,"column":4}},"7":{"start":{"line":74,"column":8},"end":{"line":74,"column":58}},"8":{"start":{"line":80,"column":23},"end":{"line":108,"column":1}},"9":{"start":{"line":82,"column":35},"end":{"line":84,"column":4}},"10":{"start":{"line":86,"column":2},"end":{"line":88,"column":3}},"11":{"start":{"line":87,"column":4},"end":{"line":87,"column":35}},"12":{"start":{"line":90,"column":2},"end":{"line":92,"column":3}},"13":{"start":{"line":91,"column":4},"end":{"line":91,"column":47}},"14":{"start":{"line":98,"column":2},"end":{"line":107,"column":4}}},"fnMap":{"0":{"name":"(anonymous_0)","decl":{"start":{"line":62,"column":22},"end":{"line":62,"column":23}},"loc":{"start":{"line":62,"column":28},"end":{"line":62,"column":61}},"line":62},"1":{"name":"(anonymous_1)","decl":{"start":{"line":64,"column":39},"end":{"line":64,"column":40}},"loc":{"start":{"line":64,"column":61},"end":{"line":78,"column":1}},"line":64},"2":{"name":"(anonymous_2)","decl":{"start":{"line":66,"column":42},"end":{"line":66,"column":43}},"loc":{"start":{"line":66,"column":52},"end":{"line":66,"column":61}},"line":66},"3":{"name":"(anonymous_3)","decl":{"start":{"line":73,"column":18},"end":{"line":73,"column":19}},"loc":{"start":{"line":73,"column":39},"end":{"line":75,"column":7}},"line":73},"4":{"name":"(anonymous_4)","decl":{"start":{"line":80,"column":23},"end":{"line":80,"column":24}},"loc":{"start":{"line":80,"column":29},"end":{"line":108,"column":1}},"line":80}},"branchMap":{"0":{"loc":{"start":{"line":65,"column":26},"end":{"line":67,"column":8}},"type":"cond-expr","locations":[{"start":{"line":66,"column":6},"end":{"line":66,"column":62}},{"start":{"line":67,"column":6},"end":{"line":67,"column":8}}],"line":65},"1":{"loc":{"start":{"line":86,"column":2},"end":{"line":88,"column":3}},"type":"if","locations":[{"start":{"line":86,"column":2},"end":{"line":88,"column":3}},{"start":{},"end":{}}],"line":86},"2":{"loc":{"start":{"line":90,"column":2},"end":{"line":92,"column":3}},"type":"if","locations":[{"start":{"line":90,"column":2},"end":{"line":92,"column":3}},{"start":{},"end":{}}],"line":90}},"s":{"0":3,"1":3,"2":3,"3":3,"4":3,"5":6,"6":3,"7":6,"8":3,"9":4,"10":4,"11":1,"12":3,"13":1,"14":2},"f":{"0":3,"1":3,"2":6,"3":6,"4":4},"b":{"0":[3,0],"1":[1,3],"2":[1,2]},"_coverageSchema":"1a1c01bbd47fc00a2c39e90264f33305004495a9","hash":"084b35cd7f2f1b42bda07a6f0fa1cfcafc4a2860"}
,"C:\\Users\\sinir\\OneDrive\\Desktop\\full stack open\\part 10\\rate-repository-app\\src\\components\\RepositoryList\\RepositoryName.jsx": {"path":"C:\\Users\\sinir\\OneDrive\\Desktop\\full stack open\\part 10\\rate-repository-app\\src\\components\\RepositoryList\\RepositoryName.jsx","statementMap":{"0":{"start":{"line":3,"column":23},"end":{"line":9,"column":1}},"1":{"start":{"line":4,"column":2},"end":{"line":8,"column":4}}},"fnMap":{"0":{"name":"(anonymous_0)","decl":{"start":{"line":3,"column":23},"end":{"line":3,"column":24}},"loc":{"start":{"line":3,"column":37},"end":{"line":9,"column":1}},"line":3}},"branchMap":{},"s":{"0":3,"1":6},"f":{"0":6},"b":{},"_coverageSchema":"1a1c01bbd47fc00a2c39e90264f33305004495a9","hash":"3685e3d0f900ee1080e6c371ddd32fd2cb5fb592"}
,"C:\\Users\\sinir\\OneDrive\\Desktop\\full stack open\\part 10\\rate-repository-app\\src\\components\\SignIn\\SignIn.jsx": {"path":"C:\\Users\\sinir\\OneDrive\\Desktop\\full stack open\\part 10\\rate-repository-app\\src\\components\\SignIn\\SignIn.jsx","statementMap":{"0":{"start":{"line":13,"column":25},"end":{"line":22,"column":2}},"1":{"start":{"line":24,"column":15},"end":{"line":48,"column":2}},"2":{"start":{"line":50,"column":22},"end":{"line":53,"column":1}},"3":{"start":{"line":55,"column":31},"end":{"line":122,"column":1}},"4":{"start":{"line":56,"column":42},"end":{"line":56,"column":56}},"5":{"start":{"line":62,"column":17},"end":{"line":66,"column":4}},"6":{"start":{"line":65,"column":34},"end":{"line":65,"column":50}},"7":{"start":{"line":68,"column":2},"end":{"line":121,"column":4}},"8":{"start":{"line":88,"column":23},"end":{"line":88,"column":50}},"9":{"start":{"line":89,"column":22},"end":{"line":89,"column":43}},"10":{"start":{"line":111,"column":23},"end":{"line":111,"column":50}},"11":{"start":{"line":112,"column":22},"end":{"line":112,"column":43}},"12":{"start":{"line":124,"column":15},"end":{"line":145,"column":1}},"13":{"start":{"line":125,"column":38},"end":{"line":125,"column":52}},"14":{"start":{"line":126,"column":23},"end":{"line":126,"column":40}},"15":{"start":{"line":127,"column":22},"end":{"line":127,"column":38}},"16":{"start":{"line":128,"column":19},"end":{"line":128,"column":32}},"17":{"start":{"line":129,"column":19},"end":{"line":129,"column":30}},"18":{"start":{"line":131,"column":19},"end":{"line":142,"column":3}},"19":{"start":{"line":132,"column":35},"end":{"line":132,"column":41}},"20":{"start":{"line":134,"column":4},"end":{"line":141,"column":5}},"21":{"start":{"line":135,"column":21},"end":{"line":135,"column":57}},"22":{"start":{"line":136,"column":6},"end":{"line":136,"column":47}},"23":{"start":{"line":137,"column":6},"end":{"line":137,"column":32}},"24":{"start":{"line":138,"column":6},"end":{"line":138,"column":32}},"25":{"start":{"line":140,"column":6},"end":{"line":140,"column":52}},"26":{"start":{"line":144,"column":2},"end":{"line":144,"column":73}}},"fnMap":{"0":{"name":"(anonymous_0)","decl":{"start":{"line":55,"column":31},"end":{"line":55,"column":32}},"loc":{"start":{"line":55,"column":61},"end":{"line":122,"column":1}},"line":55},"1":{"name":"(anonymous_1)","decl":{"start":{"line":65,"column":14},"end":{"line":65,"column":15}},"loc":{"start":{"line":65,"column":32},"end":{"line":65,"column":51}},"line":65},"2":{"name":"(anonymous_2)","decl":{"start":{"line":88,"column":17},"end":{"line":88,"column":18}},"loc":{"start":{"line":88,"column":23},"end":{"line":88,"column":50}},"line":88},"3":{"name":"(anonymous_3)","decl":{"start":{"line":89,"column":16},"end":{"line":89,"column":17}},"loc":{"start":{"line":89,"column":22},"end":{"line":89,"column":43}},"line":89},"4":{"name":"(anonymous_4)","decl":{"start":{"line":111,"column":17},"end":{"line":111,"column":18}},"loc":{"start":{"line":111,"column":23},"end":{"line":111,"column":50}},"line":111},"5":{"name":"(anonymous_5)","decl":{"start":{"line":112,"column":16},"end":{"line":112,"column":17}},"loc":{"start":{"line":112,"column":22},"end":{"line":112,"column":43}},"line":112},"6":{"name":"(anonymous_6)","decl":{"start":{"line":124,"column":15},"end":{"line":124,"column":16}},"loc":{"start":{"line":124,"column":21},"end":{"line":145,"column":1}},"line":124},"7":{"name":"(anonymous_7)","decl":{"start":{"line":131,"column":19},"end":{"line":131,"column":20}},"loc":{"start":{"line":131,"column":37},"end":{"line":142,"column":3}},"line":131}},"branchMap":{"0":{"loc":{"start":{"line":70,"column":7},"end":{"line":70,"column":76}},"type":"binary-expr","locations":[{"start":{"line":70,"column":7},"end":{"line":70,"column":17}},{"start":{"line":70,"column":21},"end":{"line":70,"column":76}}],"line":70},"1":{"loc":{"start":{"line":76,"column":14},"end":{"line":80,"column":41}},"type":"cond-expr","locations":[{"start":{"line":77,"column":18},"end":{"line":77,"column":23}},{"start":{"line":78,"column":18},"end":{"line":80,"column":41}}],"line":76},"2":{"loc":{"start":{"line":76,"column":14},"end":{"line":76,"column":63}},"type":"binary-expr","locations":[{"start":{"line":76,"column":14},"end":{"line":76,"column":37}},{"start":{"line":76,"column":41},"end":{"line":76,"column":63}}],"line":76},"3":{"loc":{"start":{"line":78,"column":18},"end":{"line":80,"column":41}},"type":"cond-expr","locations":[{"start":{"line":79,"column":18},"end":{"line":79,"column":39}},{"start":{"line":80,"column":18},"end":{"line":80,"column":41}}],"line":78},"4":{"loc":{"start":{"line":91,"column":7},"end":{"line":93,"column":7}},"type":"binary-expr","locations":[{"start":{"line":91,"column":7},"end":{"line":91,"column":30}},{"start":{"line":91,"column":34},"end":{"line":91,"column":56}},{"start":{"line":92,"column":8},"end":{"line":92,"column":75}}],"line":91},"5":{"loc":{"start":{"line":99,"column":14},"end":{"line":103,"column":41}},"type":"cond-expr","locations":[{"start":{"line":100,"column":18},"end":{"line":100,"column":23}},{"start":{"line":101,"column":18},"end":{"line":103,"column":41}}],"line":99},"6":{"loc":{"start":{"line":99,"column":14},"end":{"line":99,"column":63}},"type":"binary-expr","locations":[{"start":{"line":99,"column":14},"end":{"line":99,"column":37}},{"start":{"line":99,"column":41},"end":{"line":99,"column":63}}],"line":99},"7":{"loc":{"start":{"line":101,"column":18},"end":{"line":103,"column":41}},"type":"cond-expr","locations":[{"start":{"line":102,"column":18},"end":{"line":102,"column":39}},{"start":{"line":103,"column":18},"end":{"line":103,"column":41}}],"line":101},"8":{"loc":{"start":{"line":114,"column":7},"end":{"line":116,"column":7}},"type":"binary-expr","locations":[{"start":{"line":114,"column":7},"end":{"line":114,"column":30}},{"start":{"line":114,"column":34},"end":{"line":114,"column":56}},{"start":{"line":115,"column":8},"end":{"line":115,"column":75}}],"line":114}},"s":{"0":1,"1":1,"2":1,"3":1,"4":24,"5":24,"6":2,"7":24,"8":0,"9":0,"10":0,"11":0,"12":1,"13":0,"14":0,"15":0,"16":0,"17":0,"18":0,"19":0,"20":0,"21":0,"22":0,"23":0,"24":0,"25":0,"26":0},"f":{"0":24,"1":2,"2":0,"3":0,"4":0,"5":0,"6":0,"7":0},"b":{"0":[24,5],"1":[4,20],"2":[24,12],"3":[0,20],"4":[24,12,4],"5":[4,20],"6":[24,12],"7":[0,20],"8":[24,12,4]},"_coverageSchema":"1a1c01bbd47fc00a2c39e90264f33305004495a9","hash":"8b69774f66aeafa4539344cddbae524459f78664"}
,"C:\\Users\\sinir\\OneDrive\\Desktop\\full stack open\\part 10\\rate-repository-app\\src\\contexts\\AuthStorageContext.js": {"path":"C:\\Users\\sinir\\OneDrive\\Desktop\\full stack open\\part 10\\rate-repository-app\\src\\contexts\\AuthStorageContext.js","statementMap":{"0":{"start":{"line":3,"column":27},"end":{"line":3,"column":42}}},"fnMap":{},"branchMap":{},"s":{"0":1},"f":{},"b":{},"_coverageSchema":"1a1c01bbd47fc00a2c39e90264f33305004495a9","hash":"741342627d87342f81973458d8cb9495083c970e"}
,"C:\\Users\\sinir\\OneDrive\\Desktop\\full stack open\\part 10\\rate-repository-app\\src\\graphql\\fragments.js": {"path":"C:\\Users\\sinir\\OneDrive\\Desktop\\full stack open\\part 10\\rate-repository-app\\src\\graphql\\fragments.js","statementMap":{"0":{"start":{"line":3,"column":35},"end":{"line":14,"column":1}}},"fnMap":{},"branchMap":{},"s":{"0":3},"f":{},"b":{},"_coverageSchema":"1a1c01bbd47fc00a2c39e90264f33305004495a9","hash":"6e4fae59744b6d7bc0338c73e9fe5c61eac91cfa"}
,"C:\\Users\\sinir\\OneDrive\\Desktop\\full stack open\\part 10\\rate-repository-app\\src\\graphql\\mutations.js": {"path":"C:\\Users\\sinir\\OneDrive\\Desktop\\full stack open\\part 10\\rate-repository-app\\src\\graphql\\mutations.js","statementMap":{"0":{"start":{"line":3,"column":33},"end":{"line":9,"column":1}}},"fnMap":{},"branchMap":{},"s":{"0":1},"f":{},"b":{},"_coverageSchema":"1a1c01bbd47fc00a2c39e90264f33305004495a9","hash":"ca6e04099d8f8c82e51cdcfad1a411405c41dfa3"}
,"C:\\Users\\sinir\\OneDrive\\Desktop\\full stack open\\part 10\\rate-repository-app\\src\\graphql\\queries.js": {"path":"C:\\Users\\sinir\\OneDrive\\Desktop\\full stack open\\part 10\\rate-repository-app\\src\\graphql\\queries.js","statementMap":{"0":{"start":{"line":4,"column":32},"end":{"line":16,"column":1}},"1":{"start":{"line":18,"column":24},"end":{"line":25,"column":1}}},"fnMap":{},"branchMap":{},"s":{"0":3,"1":3},"f":{},"b":{},"_coverageSchema":"1a1c01bbd47fc00a2c39e90264f33305004495a9","hash":"768ba0c9c3eb4c2e8eaea650e2d4791f1e3eee27"}
,"C:\\Users\\sinir\\OneDrive\\Desktop\\full stack open\\part 10\\rate-repository-app\\src\\hooks\\useAuthStorage.js": {"path":"C:\\Users\\sinir\\OneDrive\\Desktop\\full stack open\\part 10\\rate-repository-app\\src\\hooks\\useAuthStorage.js","statementMap":{"0":{"start":{"line":4,"column":23},"end":{"line":6,"column":1}},"1":{"start":{"line":5,"column":4},"end":{"line":5,"column":42}}},"fnMap":{"0":{"name":"(anonymous_0)","decl":{"start":{"line":4,"column":23},"end":{"line":4,"column":24}},"loc":{"start":{"line":4,"column":29},"end":{"line":6,"column":1}},"line":4}},"branchMap":{},"s":{"0":1,"1":0},"f":{"0":0},"b":{},"_coverageSchema":"1a1c01bbd47fc00a2c39e90264f33305004495a9","hash":"11329b4e83c901832b44f00e67aacf10a1b9dfa4"}
,"C:\\Users\\sinir\\OneDrive\\Desktop\\full stack open\\part 10\\rate-repository-app\\src\\hooks\\useSignIn.js": {"path":"C:\\Users\\sinir\\OneDrive\\Desktop\\full stack open\\part 10\\rate-repository-app\\src\\hooks\\useSignIn.js","statementMap":{"0":{"start":{"line":4,"column":18},"end":{"line":25,"column":1}},"1":{"start":{"line":5,"column":29},"end":{"line":5,"column":59}},"2":{"start":{"line":7,"column":19},"end":{"line":22,"column":5}},"3":{"start":{"line":9,"column":8},"end":{"line":21,"column":9}},"4":{"start":{"line":10,"column":29},"end":{"line":17,"column":14}},"5":{"start":{"line":18,"column":12},"end":{"line":18,"column":49}},"6":{"start":{"line":20,"column":12},"end":{"line":20,"column":33}},"7":{"start":{"line":24,"column":4},"end":{"line":24,"column":28}}},"fnMap":{"0":{"name":"(anonymous_0)","decl":{"start":{"line":4,"column":18},"end":{"line":4,"column":19}},"loc":{"start":{"line":4,"column":24},"end":{"line":25,"column":1}},"line":4},"1":{"name":"(anonymous_1)","decl":{"start":{"line":7,"column":19},"end":{"line":7,"column":20}},"loc":{"start":{"line":7,"column":53},"end":{"line":22,"column":5}},"line":7}},"branchMap":{},"s":{"0":1,"1":0,"2":0,"3":0,"4":0,"5":0,"6":0,"7":0},"f":{"0":0,"1":0},"b":{},"_coverageSchema":"1a1c01bbd47fc00a2c39e90264f33305004495a9","hash":"34987d556a170c0324d62ca23ba1aa3f3ee8a437"}
}
