TN:
SF:src\components\Text.jsx
FN:54,(anonymous_0)
FNF:1
FNH:1
FNDA:103,(anonymous_0)
DA:5,4
DA:54,4
DA:65,103
DA:79,103
LF:4
LH:4
BRDA:67,0,0,103
BRDA:67,0,1,0
BRDA:68,1,0,103
BRDA:68,1,1,0
BRDA:69,2,0,103
BRDA:69,2,1,0
BRDA:70,3,0,103
BRDA:70,3,1,18
BRDA:71,4,0,103
BRDA:71,4,1,30
BRDA:72,5,0,103
BRDA:72,5,1,12
BRDA:73,6,0,103
BRDA:73,6,1,6
BRDA:74,7,0,103
BRDA:74,7,1,6
BRDA:75,8,0,103
BRDA:75,8,1,24
BRF:18
BRH:15
end_of_record
TN:
SF:src\components\theme.js
FNF:0
FNH:0
DA:3,4
LF:1
LH:1
BRF:0
BRH:0
end_of_record
TN:
SF:src\components\RepositoryList\CountsTab.jsx
FN:14,(anonymous_0)
FN:24,(anonymous_1)
FNF:2
FNH:2
FNDA:12,(anonymous_0)
FNDA:24,(anonymous_1)
DA:4,3
DA:14,3
DA:15,12
DA:16,0
DA:17,12
DA:18,11
DA:20,1
DA:24,3
DA:25,24
DA:27,6
DA:36,6
DA:45,6
DA:54,6
LF:13
LH:12
BRDA:15,0,0,0
BRDA:15,0,1,12
BRDA:17,1,0,11
BRDA:17,1,1,1
BRDA:25,2,0,6
BRDA:25,2,1,6
BRDA:25,2,2,6
BRDA:25,2,3,6
BRF:8
BRH:7
end_of_record
TN:
SF:src\components\RepositoryList\RepositoryDescription.jsx
FN:3,(anonymous_0)
FNF:1
FNH:1
FNDA:6,(anonymous_0)
DA:3,3
DA:4,6
LF:2
LH:2
BRF:0
BRH:0
end_of_record
TN:
SF:src\components\RepositoryList\RepositoryItem.jsx
FN:36,(anonymous_0)
FNF:1
FNH:1
FNDA:6,(anonymous_0)
DA:9,3
DA:36,3
DA:37,6
LF:3
LH:3
BRF:0
BRH:0
end_of_record
TN:
SF:src\components\RepositoryList\RepositoryLanguage.jsx
FN:3,(anonymous_0)
FNF:1
FNH:1
FNDA:6,(anonymous_0)
DA:3,3
DA:4,6
LF:2
LH:2
BRF:0
BRH:0
end_of_record
TN:
SF:src\components\RepositoryList\RepositoryList.jsx
FN:62,(anonymous_0)
FN:64,(anonymous_1)
FN:66,(anonymous_2)
FN:73,(anonymous_3)
FN:80,(anonymous_4)
FNF:5
FNH:5
FNDA:3,(anonymous_0)
FNDA:3,(anonymous_1)
FNDA:6,(anonymous_2)
FNDA:6,(anonymous_3)
FNDA:4,(anonymous_4)
DA:8,3
DA:62,3
DA:64,3
DA:65,3
DA:66,6
DA:69,3
DA:74,6
DA:80,3
DA:82,4
DA:86,4
DA:87,1
DA:90,3
DA:91,1
DA:98,2
LF:14
LH:14
BRDA:65,0,0,3
BRDA:65,0,1,0
BRDA:86,1,0,1
BRDA:86,1,1,3
BRDA:90,2,0,1
BRDA:90,2,1,2
BRF:6
BRH:5
end_of_record
TN:
SF:src\components\RepositoryList\RepositoryName.jsx
FN:3,(anonymous_0)
FNF:1
FNH:1
FNDA:6,(anonymous_0)
DA:3,3
DA:4,6
LF:2
LH:2
BRF:0
BRH:0
end_of_record
TN:
SF:src\components\SignIn\SignIn.jsx
FN:55,(anonymous_0)
FN:65,(anonymous_1)
FN:88,(anonymous_2)
FN:89,(anonymous_3)
FN:111,(anonymous_4)
FN:112,(anonymous_5)
FN:124,(anonymous_6)
FN:131,(anonymous_7)
FNF:8
FNH:2
FNDA:24,(anonymous_0)
FNDA:2,(anonymous_1)
FNDA:0,(anonymous_2)
FNDA:0,(anonymous_3)
FNDA:0,(anonymous_4)
FNDA:0,(anonymous_5)
FNDA:0,(anonymous_6)
FNDA:0,(anonymous_7)
DA:13,1
DA:24,1
DA:50,1
DA:55,1
DA:56,24
DA:62,24
DA:65,2
DA:68,24
DA:88,0
DA:89,0
DA:111,0
DA:112,0
DA:124,1
DA:125,0
DA:126,0
DA:127,0
DA:128,0
DA:129,0
DA:131,0
DA:132,0
DA:134,0
DA:135,0
DA:136,0
DA:137,0
DA:138,0
DA:140,0
DA:144,0
LF:27
LH:9
BRDA:70,0,0,24
BRDA:70,0,1,5
BRDA:76,1,0,4
BRDA:76,1,1,20
BRDA:76,2,0,24
BRDA:76,2,1,12
BRDA:78,3,0,0
BRDA:78,3,1,20
BRDA:91,4,0,24
BRDA:91,4,1,12
BRDA:91,4,2,4
BRDA:99,5,0,4
BRDA:99,5,1,20
BRDA:99,6,0,24
BRDA:99,6,1,12
BRDA:101,7,0,0
BRDA:101,7,1,20
BRDA:114,8,0,24
BRDA:114,8,1,12
BRDA:114,8,2,4
BRF:20
BRH:18
end_of_record
TN:
SF:src\contexts\AuthStorageContext.js
FNF:0
FNH:0
DA:3,1
LF:1
LH:1
BRF:0
BRH:0
end_of_record
TN:
SF:src\graphql\fragments.js
FNF:0
FNH:0
DA:3,3
LF:1
LH:1
BRF:0
BRH:0
end_of_record
TN:
SF:src\graphql\mutations.js
FNF:0
FNH:0
DA:3,1
LF:1
LH:1
BRF:0
BRH:0
end_of_record
TN:
SF:src\graphql\queries.js
FNF:0
FNH:0
DA:4,3
DA:18,3
LF:2
LH:2
BRF:0
BRH:0
end_of_record
TN:
SF:src\hooks\useAuthStorage.js
FN:4,(anonymous_0)
FNF:1
FNH:0
FNDA:0,(anonymous_0)
DA:4,1
DA:5,0
LF:2
LH:1
BRF:0
BRH:0
end_of_record
TN:
SF:src\hooks\useSignIn.js
FN:4,(anonymous_0)
FN:7,(anonymous_1)
FNF:2
FNH:0
FNDA:0,(anonymous_0)
FNDA:0,(anonymous_1)
DA:4,1
DA:5,0
DA:7,0
DA:9,0
DA:10,0
DA:18,0
DA:20,0
DA:24,0
LF:8
LH:1
BRF:0
BRH:0
end_of_record
